{"level":"info","time":"2025-04-16T01:21:46.038+0800","line":"E:/myProject/backend/pledge-backend-main/db/mysql.go:16","msg":"Init Mysql","serviceName":"pledge"}
{"level":"panic","time":"2025-04-16T01:21:46.047+0800","line":"E:/myProject/backend/pledge-backend-main/db/mysql.go:37","msg":"mysql connention error ==>  dial tcp [::1]:33009: connectex: No connection could be made because the target machine actively refused it.","serviceName":"pledge"}
{"level":"info","time":"2025-04-16T15:35:36.268+0800","line":"E:/myProject/backend/pledge-backend-main/db/mysql.go:16","msg":"Init Mysql","serviceName":"pledge"}
{"level":"info","time":"2025-04-16T15:35:36.282+0800","line":"E:/myProject/backend/pledge-backend-main/db/redis.go:15","msg":"Init Redis","serviceName":"pledge"}
{"level":"info","time":"2025-04-16T15:37:46.305+0800","line":"E:/myProject/backend/pledge-backend-main/db/mysql.go:16","msg":"Init Mysql","serviceName":"pledge"}
{"level":"info","time":"2025-04-16T15:37:46.313+0800","line":"E:/myProject/backend/pledge-backend-main/db/redis.go:15","msg":"Init Redis","serviceName":"pledge"}
{"level":"info","time":"2025-04-16T15:45:38.360+0800","line":"E:/myProject/backend/pledge-backend-main/db/mysql.go:16","msg":"Init Mysql","serviceName":"pledge"}
{"level":"info","time":"2025-04-16T15:45:38.369+0800","line":"E:/myProject/backend/pledge-backend-main/db/redis.go:15","msg":"Init Redis","serviceName":"pledge"}
{"level":"info","time":"2025-04-16T15:47:03.546+0800","line":"E:/myProject/backend/pledge-backend-main/db/mysql.go:16","msg":"Init Mysql","serviceName":"pledge"}
{"level":"info","time":"2025-04-16T15:47:03.556+0800","line":"E:/myProject/backend/pledge-backend-main/db/redis.go:15","msg":"Init Redis","serviceName":"pledge"}
{"level":"info","time":"2025-04-16T15:59:56.730+0800","line":"E:/myProject/backend/pledge-backend-main/db/mysql.go:16","msg":"Init Mysql","serviceName":"pledge"}
{"level":"info","time":"2025-04-16T15:59:56.738+0800","line":"E:/myProject/backend/pledge-backend-main/db/redis.go:15","msg":"Init Redis","serviceName":"pledge"}
{"level":"info","time":"2025-04-16T16:00:28.071+0800","line":"E:/myProject/backend/pledge-backend-main/db/mysql.go:16","msg":"Init Mysql","serviceName":"pledge"}
{"level":"info","time":"2025-04-16T16:00:28.079+0800","line":"E:/myProject/backend/pledge-backend-main/db/redis.go:15","msg":"Init Redis","serviceName":"pledge"}
{"level":"info","time":"2025-04-16T16:06:42.321+0800","line":"E:/myProject/backend/pledge-backend-main/db/mysql.go:16","msg":"Init Mysql","serviceName":"pledge"}
{"level":"info","time":"2025-04-16T16:06:42.330+0800","line":"E:/myProject/backend/pledge-backend-main/db/redis.go:15","msg":"Init Redis","serviceName":"pledge"}
{"level":"info","time":"2025-04-16T16:09:52.927+0800","line":"E:/myProject/backend/pledge-backend-main/db/mysql.go:16","msg":"Init Mysql","serviceName":"pledge"}
{"level":"info","time":"2025-04-16T16:09:52.937+0800","line":"E:/myProject/backend/pledge-backend-main/db/redis.go:15","msg":"Init Redis","serviceName":"pledge"}
{"level":"info","time":"2025-04-16T16:21:32.689+0800","line":"E:/myProject/backend/pledge-backend-main/db/mysql.go:16","msg":"Init Mysql","serviceName":"pledge"}
{"level":"info","time":"2025-04-16T16:21:32.698+0800","line":"E:/myProject/backend/pledge-backend-main/db/redis.go:16","msg":"Init Redis","serviceName":"pledge"}
{"level":"info","time":"2025-04-16T16:21:32.914+0800","line":"E:/myProject/backend/pledge-backend-main/api/models/ws/ws.go:118","msg":"WsServer start","serviceName":"pledge"}
{"level":"info","time":"2025-04-16T16:21:32.915+0800","line":"E:/myProject/backend/pledge-backend-main/api/models/kucoin/kucoin.go:17","msg":"GetExchangePrice ","serviceName":"pledge"}
{"level":"info","time":"2025-04-16T16:34:11.908+0800","line":"E:/myProject/backend/pledge-backend-main/db/mysql.go:16","msg":"Init Mysql","serviceName":"pledge"}
{"level":"info","time":"2025-04-16T16:34:11.916+0800","line":"E:/myProject/backend/pledge-backend-main/db/redis.go:16","msg":"Init Redis","serviceName":"pledge"}
{"level":"info","time":"2025-04-16T16:34:12.040+0800","line":"E:/myProject/backend/pledge-backend-main/api/models/ws/ws.go:118","msg":"WsServer start","serviceName":"pledge"}
{"level":"info","time":"2025-04-16T16:34:12.040+0800","line":"E:/myProject/backend/pledge-backend-main/api/models/kucoin/kucoin.go:17","msg":"GetExchangePrice ","serviceName":"pledge"}
{"level":"error","time":"2025-04-16T16:34:12.041+0800","line":"E:/myProject/backend/pledge-backend-main/api/models/kucoin/kucoin.go:22","msg":"get plgr price from redis err redigo: nil returned","serviceName":"pledge"}
{"level":"error","time":"2025-04-16T16:34:33.781+0800","line":"E:/myProject/backend/pledge-backend-main/api/models/kucoin/kucoin.go:36","msg":"Post \"https://api.kucoin.com/api/v1/bullet-public\": dial tcp 108.160.170.39:443: connectex: A connection attempt failed because the connected party did not properly respond after a period of time, or established connection failed because connected host has failed to respond.","serviceName":"pledge"}
{"level":"info","time":"2025-04-16T16:35:32.304+0800","line":"E:/myProject/backend/pledge-backend-main/db/mysql.go:16","msg":"Init Mysql","serviceName":"pledge"}
{"level":"info","time":"2025-04-16T16:35:32.313+0800","line":"E:/myProject/backend/pledge-backend-main/db/redis.go:16","msg":"Init Redis","serviceName":"pledge"}
{"level":"info","time":"2025-04-16T16:35:32.417+0800","line":"E:/myProject/backend/pledge-backend-main/api/models/kucoin/kucoin.go:17","msg":"GetExchangePrice ","serviceName":"pledge"}
{"level":"info","time":"2025-04-16T16:35:32.417+0800","line":"E:/myProject/backend/pledge-backend-main/api/models/ws/ws.go:118","msg":"WsServer start","serviceName":"pledge"}
{"level":"error","time":"2025-04-16T16:35:32.418+0800","line":"E:/myProject/backend/pledge-backend-main/api/models/kucoin/kucoin.go:22","msg":"get plgr price from redis err redigo: nil returned","serviceName":"pledge"}
{"level":"error","time":"2025-04-16T16:35:53.719+0800","line":"E:/myProject/backend/pledge-backend-main/api/models/kucoin/kucoin.go:36","msg":"Post \"https://api.kucoin.com/api/v1/bullet-public\": dial tcp 108.160.170.39:443: connectex: A connection attempt failed because the connected party did not properly respond after a period of time, or established connection failed because connected host has failed to respond.","serviceName":"pledge"}
{"level":"info","time":"2025-04-16T16:45:51.714+0800","line":"E:/myProject/backend/pledge-backend-main/db/mysql.go:16","msg":"Init Mysql","serviceName":"pledge"}
{"level":"info","time":"2025-04-16T16:45:51.722+0800","line":"E:/myProject/backend/pledge-backend-main/db/redis.go:16","msg":"Init Redis","serviceName":"pledge"}
{"level":"info","time":"2025-04-16T16:45:51.827+0800","line":"E:/myProject/backend/pledge-backend-main/api/models/ws/ws.go:118","msg":"WsServer start","serviceName":"pledge"}
{"level":"info","time":"2025-04-16T16:45:51.827+0800","line":"E:/myProject/backend/pledge-backend-main/api/models/kucoin/kucoin.go:17","msg":"GetExchangePrice ","serviceName":"pledge"}
{"level":"error","time":"2025-04-16T16:45:51.828+0800","line":"E:/myProject/backend/pledge-backend-main/api/models/kucoin/kucoin.go:22","msg":"get plgr price from redis err redigo: nil returned","serviceName":"pledge"}
{"level":"error","time":"2025-04-16T16:46:13.427+0800","line":"E:/myProject/backend/pledge-backend-main/api/models/kucoin/kucoin.go:36","msg":"Post \"https://api.kucoin.com/api/v1/bullet-public\": dial tcp 174.37.54.20:443: connectex: A connection attempt failed because the connected party did not properly respond after a period of time, or established connection failed because connected host has failed to respond.","serviceName":"pledge"}
{"level":"info","time":"2025-04-16T17:15:22.631+0800","line":"E:/myProject/backend/pledge-backend-main/db/mysql.go:16","msg":"Init Mysql","serviceName":"pledge"}
{"level":"info","time":"2025-04-16T17:15:22.640+0800","line":"E:/myProject/backend/pledge-backend-main/db/redis.go:16","msg":"Init Redis","serviceName":"pledge"}
{"level":"info","time":"2025-04-16T17:15:22.750+0800","line":"E:/myProject/backend/pledge-backend-main/api/models/ws/ws.go:118","msg":"WsServer start","serviceName":"pledge"}
{"level":"info","time":"2025-04-16T17:15:22.750+0800","line":"E:/myProject/backend/pledge-backend-main/api/models/kucoin/kucoin.go:17","msg":"GetExchangePrice ","serviceName":"pledge"}
{"level":"error","time":"2025-04-16T17:15:22.751+0800","line":"E:/myProject/backend/pledge-backend-main/api/models/kucoin/kucoin.go:22","msg":"get plgr price from redis err redigo: nil returned","serviceName":"pledge"}
{"level":"error","time":"2025-04-16T17:15:44.507+0800","line":"E:/myProject/backend/pledge-backend-main/api/models/kucoin/kucoin.go:36","msg":"Post \"https://api.kucoin.com/api/v1/bullet-public\": dial tcp 45.114.11.25:443: connectex: A connection attempt failed because the connected party did not properly respond after a period of time, or established connection failed because connected host has failed to respond.","serviceName":"pledge"}
{"level":"info","time":"2025-04-16T17:19:09.789+0800","line":"E:/myProject/backend/pledge-backend-main/db/mysql.go:16","msg":"Init Mysql","serviceName":"pledge"}
{"level":"info","time":"2025-04-16T17:19:09.797+0800","line":"E:/myProject/backend/pledge-backend-main/db/redis.go:16","msg":"Init Redis","serviceName":"pledge"}
{"level":"info","time":"2025-04-16T17:19:09.904+0800","line":"E:/myProject/backend/pledge-backend-main/api/models/ws/ws.go:118","msg":"WsServer start","serviceName":"pledge"}
{"level":"info","time":"2025-04-16T17:19:09.904+0800","line":"E:/myProject/backend/pledge-backend-main/api/models/kucoin/kucoin.go:17","msg":"GetExchangePrice ","serviceName":"pledge"}
{"level":"error","time":"2025-04-16T17:19:09.905+0800","line":"E:/myProject/backend/pledge-backend-main/api/models/kucoin/kucoin.go:22","msg":"get plgr price from redis err redigo: nil returned","serviceName":"pledge"}
{"level":"error","time":"2025-04-16T17:19:31.210+0800","line":"E:/myProject/backend/pledge-backend-main/api/models/kucoin/kucoin.go:36","msg":"Post \"https://api.kucoin.com/api/v1/bullet-public\": dial tcp 45.114.11.25:443: connectex: A connection attempt failed because the connected party did not properly respond after a period of time, or established connection failed because connected host has failed to respond.","serviceName":"pledge"}
{"level":"info","time":"2025-04-16T18:06:28.606+0800","line":"E:/myProject/backend/pledge-backend-main/db/mysql.go:16","msg":"Init Mysql","serviceName":"pledge"}
{"level":"info","time":"2025-04-16T18:06:28.615+0800","line":"E:/myProject/backend/pledge-backend-main/db/redis.go:16","msg":"Init Redis","serviceName":"pledge"}
{"level":"info","time":"2025-04-16T18:06:28.723+0800","line":"E:/myProject/backend/pledge-backend-main/api/models/ws/ws.go:118","msg":"WsServer start","serviceName":"pledge"}
{"level":"info","time":"2025-04-16T18:06:28.723+0800","line":"E:/myProject/backend/pledge-backend-main/api/models/kucoin/kucoin.go:17","msg":"GetExchangePrice ","serviceName":"pledge"}
{"level":"error","time":"2025-04-16T18:06:28.725+0800","line":"E:/myProject/backend/pledge-backend-main/api/models/kucoin/kucoin.go:22","msg":"get plgr price from redis err redigo: nil returned","serviceName":"pledge"}
{"level":"error","time":"2025-04-16T18:06:50.349+0800","line":"E:/myProject/backend/pledge-backend-main/api/models/kucoin/kucoin.go:36","msg":"Post \"https://api.kucoin.com/api/v1/bullet-public\": dial tcp 31.13.95.37:443: connectex: A connection attempt failed because the connected party did not properly respond after a period of time, or established connection failed because connected host has failed to respond.","serviceName":"pledge"}
{"level":"info","time":"2025-04-16T18:13:38.871+0800","line":"E:/myProject/backend/pledge-backend-main/db/mysql.go:16","msg":"Init Mysql","serviceName":"pledge"}
{"level":"info","time":"2025-04-16T18:13:38.880+0800","line":"E:/myProject/backend/pledge-backend-main/db/redis.go:16","msg":"Init Redis","serviceName":"pledge"}
{"level":"info","time":"2025-04-16T18:13:38.991+0800","line":"E:/myProject/backend/pledge-backend-main/api/models/ws/ws.go:118","msg":"WsServer start","serviceName":"pledge"}
{"level":"info","time":"2025-04-16T18:13:38.991+0800","line":"E:/myProject/backend/pledge-backend-main/api/models/kucoin/kucoin.go:17","msg":"GetExchangePrice ","serviceName":"pledge"}
{"level":"error","time":"2025-04-16T18:13:38.993+0800","line":"E:/myProject/backend/pledge-backend-main/api/models/kucoin/kucoin.go:22","msg":"get plgr price from redis err redigo: nil returned","serviceName":"pledge"}
{"level":"error","time":"2025-04-16T18:14:00.581+0800","line":"E:/myProject/backend/pledge-backend-main/api/models/kucoin/kucoin.go:36","msg":"Post \"https://api.kucoin.com/api/v1/bullet-public\": dial tcp 31.13.95.37:443: connectex: A connection attempt failed because the connected party did not properly respond after a period of time, or established connection failed because connected host has failed to respond.","serviceName":"pledge"}
{"level":"info","time":"2025-04-16T18:22:49.919+0800","line":"E:/myProject/backend/pledge-backend-main/db/mysql.go:16","msg":"Init Mysql","serviceName":"pledge"}
{"level":"info","time":"2025-04-16T18:22:49.928+0800","line":"E:/myProject/backend/pledge-backend-main/db/redis.go:16","msg":"Init Redis","serviceName":"pledge"}
{"level":"info","time":"2025-04-16T18:22:50.037+0800","line":"E:/myProject/backend/pledge-backend-main/api/models/ws/ws.go:118","msg":"WsServer start","serviceName":"pledge"}
{"level":"info","time":"2025-04-16T18:22:50.037+0800","line":"E:/myProject/backend/pledge-backend-main/api/models/kucoin/kucoin.go:17","msg":"GetExchangePrice ","serviceName":"pledge"}
{"level":"error","time":"2025-04-16T18:22:50.038+0800","line":"E:/myProject/backend/pledge-backend-main/api/models/kucoin/kucoin.go:22","msg":"get plgr price from redis err redigo: nil returned","serviceName":"pledge"}
{"level":"error","time":"2025-04-16T18:23:11.661+0800","line":"E:/myProject/backend/pledge-backend-main/api/models/kucoin/kucoin.go:36","msg":"Post \"https://api.kucoin.com/api/v1/bullet-public\": dial tcp 69.63.176.143:443: connectex: A connection attempt failed because the connected party did not properly respond after a period of time, or established connection failed because connected host has failed to respond.","serviceName":"pledge"}
{"level":"info","time":"2025-04-16T18:33:25.796+0800","line":"E:/myProject/backend/pledge-backend-main/db/mysql.go:16","msg":"Init Mysql","serviceName":"pledge"}
{"level":"info","time":"2025-04-16T18:33:25.804+0800","line":"E:/myProject/backend/pledge-backend-main/db/redis.go:16","msg":"Init Redis","serviceName":"pledge"}
{"level":"info","time":"2025-04-16T18:33:25.909+0800","line":"E:/myProject/backend/pledge-backend-main/api/models/ws/ws.go:118","msg":"WsServer start","serviceName":"pledge"}
{"level":"info","time":"2025-04-16T18:33:25.909+0800","line":"E:/myProject/backend/pledge-backend-main/api/models/kucoin/kucoin.go:17","msg":"GetExchangePrice ","serviceName":"pledge"}
{"level":"error","time":"2025-04-16T18:33:25.910+0800","line":"E:/myProject/backend/pledge-backend-main/api/models/kucoin/kucoin.go:22","msg":"get plgr price from redis err redigo: nil returned","serviceName":"pledge"}
{"level":"error","time":"2025-04-16T18:33:47.515+0800","line":"E:/myProject/backend/pledge-backend-main/api/models/kucoin/kucoin.go:36","msg":"Post \"https://api.kucoin.com/api/v1/bullet-public\": dial tcp 69.63.176.143:443: connectex: A connection attempt failed because the connected party did not properly respond after a period of time, or established connection failed because connected host has failed to respond.","serviceName":"pledge"}
{"level":"info","time":"2025-04-16T18:40:18.362+0800","line":"E:/myProject/backend/pledge-backend-main/db/mysql.go:16","msg":"Init Mysql","serviceName":"pledge"}
{"level":"info","time":"2025-04-16T18:40:18.371+0800","line":"E:/myProject/backend/pledge-backend-main/db/redis.go:16","msg":"Init Redis","serviceName":"pledge"}
{"level":"info","time":"2025-04-16T18:40:18.468+0800","line":"E:/myProject/backend/pledge-backend-main/api/models/ws/ws.go:118","msg":"WsServer start","serviceName":"pledge"}
{"level":"info","time":"2025-04-16T18:40:18.468+0800","line":"E:/myProject/backend/pledge-backend-main/api/models/kucoin/kucoin.go:17","msg":"GetExchangePrice ","serviceName":"pledge"}
{"level":"error","time":"2025-04-16T18:40:18.469+0800","line":"E:/myProject/backend/pledge-backend-main/api/models/kucoin/kucoin.go:22","msg":"get plgr price from redis err redigo: nil returned","serviceName":"pledge"}
{"level":"error","time":"2025-04-16T18:40:40.088+0800","line":"E:/myProject/backend/pledge-backend-main/api/models/kucoin/kucoin.go:36","msg":"Post \"https://api.kucoin.com/api/v1/bullet-public\": dial tcp 108.160.163.106:443: connectex: A connection attempt failed because the connected party did not properly respond after a period of time, or established connection failed because connected host has failed to respond.","serviceName":"pledge"}
{"level":"info","time":"2025-04-16T18:42:08.360+0800","line":"E:/myProject/backend/pledge-backend-main/db/mysql.go:16","msg":"Init Mysql","serviceName":"pledge"}
{"level":"info","time":"2025-04-16T18:42:08.371+0800","line":"E:/myProject/backend/pledge-backend-main/db/redis.go:16","msg":"Init Redis","serviceName":"pledge"}
{"level":"info","time":"2025-04-16T18:42:08.492+0800","line":"E:/myProject/backend/pledge-backend-main/api/models/ws/ws.go:118","msg":"WsServer start","serviceName":"pledge"}
{"level":"info","time":"2025-04-16T18:42:08.492+0800","line":"E:/myProject/backend/pledge-backend-main/api/models/kucoin/kucoin.go:17","msg":"GetExchangePrice ","serviceName":"pledge"}
{"level":"error","time":"2025-04-16T18:42:08.493+0800","line":"E:/myProject/backend/pledge-backend-main/api/models/kucoin/kucoin.go:22","msg":"get plgr price from redis err redigo: nil returned","serviceName":"pledge"}
{"level":"error","time":"2025-04-16T18:42:29.940+0800","line":"E:/myProject/backend/pledge-backend-main/api/models/kucoin/kucoin.go:36","msg":"Post \"https://api.kucoin.com/api/v1/bullet-public\": dial tcp 108.160.163.106:443: connectex: A connection attempt failed because the connected party did not properly respond after a period of time, or established connection failed because connected host has failed to respond.","serviceName":"pledge"}
{"level":"info","time":"2025-04-16T22:44:18.960+0800","line":"E:/myProject/backend/pledge-backend-main/db/mysql.go:16","msg":"Init Mysql","serviceName":"pledge"}
{"level":"info","time":"2025-04-16T22:44:18.974+0800","line":"E:/myProject/backend/pledge-backend-main/db/redis.go:16","msg":"Init Redis","serviceName":"pledge"}
{"level":"info","time":"2025-04-16T22:44:19.112+0800","line":"E:/myProject/backend/pledge-backend-main/api/models/ws/ws.go:118","msg":"WsServer start","serviceName":"pledge"}
{"level":"info","time":"2025-04-16T22:44:19.112+0800","line":"E:/myProject/backend/pledge-backend-main/api/models/kucoin/kucoin.go:17","msg":"GetExchangePrice ","serviceName":"pledge"}
{"level":"error","time":"2025-04-16T22:44:19.114+0800","line":"E:/myProject/backend/pledge-backend-main/api/models/kucoin/kucoin.go:22","msg":"get plgr price from redis err redigo: nil returned","serviceName":"pledge"}
{"level":"error","time":"2025-04-16T22:44:40.832+0800","line":"E:/myProject/backend/pledge-backend-main/api/models/kucoin/kucoin.go:36","msg":"Post \"https://api.kucoin.com/api/v1/bullet-public\": dial tcp 157.240.11.40:443: connectex: A connection attempt failed because the connected party did not properly respond after a period of time, or established connection failed because connected host has failed to respond.","serviceName":"pledge"}
{"level":"info","time":"2025-04-16T22:54:49.470+0800","line":"E:/myProject/backend/pledge-backend-main/db/mysql.go:16","msg":"Init Mysql","serviceName":"pledge"}
{"level":"info","time":"2025-04-16T22:54:49.479+0800","line":"E:/myProject/backend/pledge-backend-main/db/redis.go:16","msg":"Init Redis","serviceName":"pledge"}
{"level":"info","time":"2025-04-16T22:54:49.582+0800","line":"E:/myProject/backend/pledge-backend-main/api/models/ws/ws.go:118","msg":"WsServer start","serviceName":"pledge"}
{"level":"info","time":"2025-04-16T22:54:49.582+0800","line":"E:/myProject/backend/pledge-backend-main/api/models/kucoin/kucoin.go:17","msg":"GetExchangePrice ","serviceName":"pledge"}
{"level":"error","time":"2025-04-16T22:54:49.583+0800","line":"E:/myProject/backend/pledge-backend-main/api/models/kucoin/kucoin.go:22","msg":"get plgr price from redis err redigo: nil returned","serviceName":"pledge"}
{"level":"error","time":"2025-04-16T22:55:11.151+0800","line":"E:/myProject/backend/pledge-backend-main/api/models/kucoin/kucoin.go:36","msg":"Post \"https://api.kucoin.com/api/v1/bullet-public\": dial tcp 31.13.86.21:443: connectex: A connection attempt failed because the connected party did not properly respond after a period of time, or established connection failed because connected host has failed to respond.","serviceName":"pledge"}
{"level":"info","time":"2025-04-16T23:11:40.778+0800","line":"E:/myProject/backend/pledge-backend-main/db/mysql.go:16","msg":"Init Mysql","serviceName":"pledge"}
{"level":"info","time":"2025-04-16T23:11:40.786+0800","line":"E:/myProject/backend/pledge-backend-main/db/redis.go:16","msg":"Init Redis","serviceName":"pledge"}
{"level":"info","time":"2025-04-16T23:11:40.856+0800","line":"E:/myProject/backend/pledge-backend-main/api/models/ws/ws.go:118","msg":"WsServer start","serviceName":"pledge"}
{"level":"info","time":"2025-04-16T23:11:40.856+0800","line":"E:/myProject/backend/pledge-backend-main/api/models/kucoin/kucoin.go:17","msg":"GetExchangePrice ","serviceName":"pledge"}
{"level":"error","time":"2025-04-16T23:11:40.857+0800","line":"E:/myProject/backend/pledge-backend-main/api/models/kucoin/kucoin.go:22","msg":"get plgr price from redis err redigo: nil returned","serviceName":"pledge"}
{"level":"error","time":"2025-04-16T23:12:02.647+0800","line":"E:/myProject/backend/pledge-backend-main/api/models/kucoin/kucoin.go:36","msg":"Post \"https://api.kucoin.com/api/v1/bullet-public\": dial tcp 124.11.210.175:443: connectex: No connection could be made because the target machine actively refused it.","serviceName":"pledge"}
{"level":"info","time":"2025-04-16T23:21:24.103+0800","line":"E:/myProject/backend/pledge-backend-main/db/mysql.go:16","msg":"Init Mysql","serviceName":"pledge"}
{"level":"info","time":"2025-04-16T23:21:24.112+0800","line":"E:/myProject/backend/pledge-backend-main/db/redis.go:16","msg":"Init Redis","serviceName":"pledge"}
{"level":"info","time":"2025-04-16T23:21:24.183+0800","line":"E:/myProject/backend/pledge-backend-main/api/models/ws/ws.go:118","msg":"WsServer start","serviceName":"pledge"}
{"level":"info","time":"2025-04-16T23:21:24.183+0800","line":"E:/myProject/backend/pledge-backend-main/api/models/kucoin/kucoin.go:17","msg":"GetExchangePrice ","serviceName":"pledge"}
{"level":"error","time":"2025-04-16T23:21:24.183+0800","line":"E:/myProject/backend/pledge-backend-main/api/models/kucoin/kucoin.go:22","msg":"get plgr price from redis err redigo: nil returned","serviceName":"pledge"}
{"level":"error","time":"2025-04-16T23:21:45.893+0800","line":"E:/myProject/backend/pledge-backend-main/api/models/kucoin/kucoin.go:36","msg":"Post \"https://api.kucoin.com/api/v1/bullet-public\": dial tcp 124.11.210.175:443: connectex: No connection could be made because the target machine actively refused it.","serviceName":"pledge"}
{"level":"info","time":"2025-04-16T23:24:00.018+0800","line":"E:/myProject/backend/pledge-backend-main/db/mysql.go:16","msg":"Init Mysql","serviceName":"pledge"}
{"level":"info","time":"2025-04-16T23:24:00.029+0800","line":"E:/myProject/backend/pledge-backend-main/db/redis.go:16","msg":"Init Redis","serviceName":"pledge"}
{"level":"info","time":"2025-04-16T23:24:00.097+0800","line":"E:/myProject/backend/pledge-backend-main/api/models/ws/ws.go:118","msg":"WsServer start","serviceName":"pledge"}
{"level":"info","time":"2025-04-16T23:24:00.097+0800","line":"E:/myProject/backend/pledge-backend-main/api/models/kucoin/kucoin.go:17","msg":"GetExchangePrice ","serviceName":"pledge"}
{"level":"error","time":"2025-04-16T23:24:00.097+0800","line":"E:/myProject/backend/pledge-backend-main/api/models/kucoin/kucoin.go:22","msg":"get plgr price from redis err redigo: nil returned","serviceName":"pledge"}
{"level":"error","time":"2025-04-16T23:24:21.694+0800","line":"E:/myProject/backend/pledge-backend-main/api/models/kucoin/kucoin.go:36","msg":"Post \"https://api.kucoin.com/api/v1/bullet-public\": dial tcp 108.160.165.53:443: connectex: A connection attempt failed because the connected party did not properly respond after a period of time, or established connection failed because connected host has failed to respond.","serviceName":"pledge"}
{"level":"info","time":"2025-04-16T23:25:14.688+0800","line":"E:/myProject/backend/pledge-backend-main/db/mysql.go:16","msg":"Init Mysql","serviceName":"pledge"}
{"level":"info","time":"2025-04-16T23:25:14.696+0800","line":"E:/myProject/backend/pledge-backend-main/db/redis.go:16","msg":"Init Redis","serviceName":"pledge"}
{"level":"info","time":"2025-04-16T23:25:14.774+0800","line":"E:/myProject/backend/pledge-backend-main/api/models/ws/ws.go:118","msg":"WsServer start","serviceName":"pledge"}
{"level":"info","time":"2025-04-16T23:25:14.774+0800","line":"E:/myProject/backend/pledge-backend-main/api/models/kucoin/kucoin.go:17","msg":"GetExchangePrice ","serviceName":"pledge"}
{"level":"error","time":"2025-04-16T23:25:14.776+0800","line":"E:/myProject/backend/pledge-backend-main/api/models/kucoin/kucoin.go:22","msg":"get plgr price from redis err redigo: nil returned","serviceName":"pledge"}
{"level":"error","time":"2025-04-16T23:25:36.244+0800","line":"E:/myProject/backend/pledge-backend-main/api/models/kucoin/kucoin.go:36","msg":"Post \"https://api.kucoin.com/api/v1/bullet-public\": dial tcp 108.160.165.53:443: connectex: A connection attempt failed because the connected party did not properly respond after a period of time, or established connection failed because connected host has failed to respond.","serviceName":"pledge"}
{"level":"info","time":"2025-04-16T23:28:35.807+0800","line":"E:/myProject/backend/pledge-backend-main/db/mysql.go:16","msg":"Init Mysql","serviceName":"pledge"}
{"level":"info","time":"2025-04-16T23:28:35.816+0800","line":"E:/myProject/backend/pledge-backend-main/db/redis.go:16","msg":"Init Redis","serviceName":"pledge"}
{"level":"info","time":"2025-04-16T23:28:35.888+0800","line":"E:/myProject/backend/pledge-backend-main/api/models/ws/ws.go:118","msg":"WsServer start","serviceName":"pledge"}
{"level":"info","time":"2025-04-16T23:28:35.888+0800","line":"E:/myProject/backend/pledge-backend-main/api/models/kucoin/kucoin.go:17","msg":"GetExchangePrice ","serviceName":"pledge"}
{"level":"error","time":"2025-04-16T23:28:35.889+0800","line":"E:/myProject/backend/pledge-backend-main/api/models/kucoin/kucoin.go:22","msg":"get plgr price from redis err redigo: nil returned","serviceName":"pledge"}
{"level":"error","time":"2025-04-16T23:28:57.481+0800","line":"E:/myProject/backend/pledge-backend-main/api/models/kucoin/kucoin.go:36","msg":"Post \"https://api.kucoin.com/api/v1/bullet-public\": dial tcp 31.13.82.33:443: connectex: A connection attempt failed because the connected party did not properly respond after a period of time, or established connection failed because connected host has failed to respond.","serviceName":"pledge"}
{"level":"info","time":"2025-04-18T01:17:53.635+0800","line":"E:/myProject/backend/pledge-backend-main/db/mysql.go:16","msg":"Init Mysql","serviceName":"pledge"}
{"level":"info","time":"2025-04-18T01:17:53.650+0800","line":"E:/myProject/backend/pledge-backend-main/db/redis.go:16","msg":"Init Redis","serviceName":"pledge"}
{"level":"info","time":"2025-04-18T01:17:53.786+0800","line":"E:/myProject/backend/pledge-backend-main/api/models/ws/ws.go:118","msg":"WsServer start","serviceName":"pledge"}
{"level":"info","time":"2025-04-18T01:17:53.786+0800","line":"E:/myProject/backend/pledge-backend-main/api/models/kucoin/kucoin.go:17","msg":"GetExchangePrice ","serviceName":"pledge"}
{"level":"error","time":"2025-04-18T01:17:53.788+0800","line":"E:/myProject/backend/pledge-backend-main/api/models/kucoin/kucoin.go:22","msg":"get plgr price from redis err redigo: nil returned","serviceName":"pledge"}
{"level":"error","time":"2025-04-18T01:18:15.399+0800","line":"E:/myProject/backend/pledge-backend-main/api/models/kucoin/kucoin.go:36","msg":"Post \"https://api.kucoin.com/api/v1/bullet-public\": dial tcp 31.13.87.19:443: connectex: A connection attempt failed because the connected party did not properly respond after a period of time, or established connection failed because connected host has failed to respond.","serviceName":"pledge"}
{"level":"info","time":"2025-04-18T01:19:38.920+0800","line":"E:/myProject/backend/pledge-backend-main/db/mysql.go:16","msg":"Init Mysql","serviceName":"pledge"}
{"level":"info","time":"2025-04-18T01:19:38.929+0800","line":"E:/myProject/backend/pledge-backend-main/db/redis.go:16","msg":"Init Redis","serviceName":"pledge"}
{"level":"info","time":"2025-04-18T01:19:39.021+0800","line":"E:/myProject/backend/pledge-backend-main/api/models/ws/ws.go:118","msg":"WsServer start","serviceName":"pledge"}
{"level":"info","time":"2025-04-18T01:19:39.021+0800","line":"E:/myProject/backend/pledge-backend-main/api/models/kucoin/kucoin.go:17","msg":"GetExchangePrice ","serviceName":"pledge"}
{"level":"error","time":"2025-04-18T01:19:39.022+0800","line":"E:/myProject/backend/pledge-backend-main/api/models/kucoin/kucoin.go:22","msg":"get plgr price from redis err redigo: nil returned","serviceName":"pledge"}
{"level":"error","time":"2025-04-18T01:20:00.326+0800","line":"E:/myProject/backend/pledge-backend-main/api/models/kucoin/kucoin.go:36","msg":"Post \"https://api.kucoin.com/api/v1/bullet-public\": dial tcp 31.13.87.19:443: connectex: A connection attempt failed because the connected party did not properly respond after a period of time, or established connection failed because connected host has failed to respond.","serviceName":"pledge"}
{"level":"info","time":"2025-04-18T01:22:38.989+0800","line":"E:/myProject/backend/pledge-backend-main/db/mysql.go:16","msg":"Init Mysql","serviceName":"pledge"}
{"level":"info","time":"2025-04-18T01:22:38.998+0800","line":"E:/myProject/backend/pledge-backend-main/db/redis.go:16","msg":"Init Redis","serviceName":"pledge"}
{"level":"info","time":"2025-04-18T01:22:39.083+0800","line":"E:/myProject/backend/pledge-backend-main/api/models/ws/ws.go:118","msg":"WsServer start","serviceName":"pledge"}
{"level":"info","time":"2025-04-18T01:22:39.083+0800","line":"E:/myProject/backend/pledge-backend-main/api/models/kucoin/kucoin.go:17","msg":"GetExchangePrice ","serviceName":"pledge"}
{"level":"error","time":"2025-04-18T01:22:39.084+0800","line":"E:/myProject/backend/pledge-backend-main/api/models/kucoin/kucoin.go:22","msg":"get plgr price from redis err redigo: nil returned","serviceName":"pledge"}
{"level":"error","time":"2025-04-18T01:23:00.724+0800","line":"E:/myProject/backend/pledge-backend-main/api/models/kucoin/kucoin.go:36","msg":"Post \"https://api.kucoin.com/api/v1/bullet-public\": dial tcp 108.160.163.116:443: connectex: A connection attempt failed because the connected party did not properly respond after a period of time, or established connection failed because connected host has failed to respond.","serviceName":"pledge"}
{"level":"info","time":"2025-04-18T18:06:40.999+0800","line":"E:/myProject/backend/pledge-backend-main/db/mysql.go:16","msg":"Init Mysql","serviceName":"pledge"}
{"level":"info","time":"2025-04-18T18:06:41.016+0800","line":"E:/myProject/backend/pledge-backend-main/db/redis.go:16","msg":"Init Redis","serviceName":"pledge"}
{"level":"info","time":"2025-04-18T18:06:41.130+0800","line":"E:/myProject/backend/pledge-backend-main/api/models/ws/ws.go:118","msg":"WsServer start","serviceName":"pledge"}
{"level":"info","time":"2025-04-18T18:06:41.130+0800","line":"E:/myProject/backend/pledge-backend-main/api/models/kucoin/kucoin.go:17","msg":"GetExchangePrice ","serviceName":"pledge"}
{"level":"error","time":"2025-04-18T18:06:41.131+0800","line":"E:/myProject/backend/pledge-backend-main/api/models/kucoin/kucoin.go:22","msg":"get plgr price from redis err redigo: nil returned","serviceName":"pledge"}
{"level":"error","time":"2025-04-18T18:07:02.707+0800","line":"E:/myProject/backend/pledge-backend-main/api/models/kucoin/kucoin.go:36","msg":"Post \"https://api.kucoin.com/api/v1/bullet-public\": dial tcp 75.126.124.162:443: connectex: A connection attempt failed because the connected party did not properly respond after a period of time, or established connection failed because connected host has failed to respond.","serviceName":"pledge"}
{"level":"info","time":"2025-04-18T18:07:32.204+0800","line":"E:/myProject/backend/pledge-backend-main/db/mysql.go:16","msg":"Init Mysql","serviceName":"pledge"}
{"level":"info","time":"2025-04-18T18:07:32.213+0800","line":"E:/myProject/backend/pledge-backend-main/db/redis.go:16","msg":"Init Redis","serviceName":"pledge"}
{"level":"info","time":"2025-04-18T18:07:32.305+0800","line":"E:/myProject/backend/pledge-backend-main/api/models/kucoin/kucoin.go:17","msg":"GetExchangePrice ","serviceName":"pledge"}
{"level":"info","time":"2025-04-18T18:07:32.305+0800","line":"E:/myProject/backend/pledge-backend-main/api/models/ws/ws.go:118","msg":"WsServer start","serviceName":"pledge"}
{"level":"error","time":"2025-04-18T18:07:32.306+0800","line":"E:/myProject/backend/pledge-backend-main/api/models/kucoin/kucoin.go:22","msg":"get plgr price from redis err redigo: nil returned","serviceName":"pledge"}
{"level":"error","time":"2025-04-18T18:07:53.607+0800","line":"E:/myProject/backend/pledge-backend-main/api/models/kucoin/kucoin.go:36","msg":"Post \"https://api.kucoin.com/api/v1/bullet-public\": dial tcp 75.126.124.162:443: connectex: A connection attempt failed because the connected party did not properly respond after a period of time, or established connection failed because connected host has failed to respond.","serviceName":"pledge"}
{"level":"info","time":"2025-04-18T18:08:38.915+0800","line":"E:/myProject/backend/pledge-backend-main/db/mysql.go:16","msg":"Init Mysql","serviceName":"pledge"}
{"level":"info","time":"2025-04-18T18:08:38.929+0800","line":"E:/myProject/backend/pledge-backend-main/db/redis.go:16","msg":"Init Redis","serviceName":"pledge"}
{"level":"info","time":"2025-04-18T18:08:39.044+0800","line":"E:/myProject/backend/pledge-backend-main/api/models/ws/ws.go:118","msg":"WsServer start","serviceName":"pledge"}
{"level":"info","time":"2025-04-18T18:08:39.044+0800","line":"E:/myProject/backend/pledge-backend-main/api/models/kucoin/kucoin.go:17","msg":"GetExchangePrice ","serviceName":"pledge"}
{"level":"error","time":"2025-04-18T18:08:39.046+0800","line":"E:/myProject/backend/pledge-backend-main/api/models/kucoin/kucoin.go:22","msg":"get plgr price from redis err redigo: nil returned","serviceName":"pledge"}
{"level":"error","time":"2025-04-18T18:09:00.517+0800","line":"E:/myProject/backend/pledge-backend-main/api/models/kucoin/kucoin.go:36","msg":"Post \"https://api.kucoin.com/api/v1/bullet-public\": dial tcp 202.53.137.209:443: connectex: A connection attempt failed because the connected party did not properly respond after a period of time, or established connection failed because connected host has failed to respond.","serviceName":"pledge"}
{"level":"info","time":"2025-04-18T18:13:31.751+0800","line":"E:/myProject/backend/pledge-backend-main/db/mysql.go:16","msg":"Init Mysql","serviceName":"pledge"}
{"level":"info","time":"2025-04-18T18:13:31.761+0800","line":"E:/myProject/backend/pledge-backend-main/db/redis.go:16","msg":"Init Redis","serviceName":"pledge"}
{"level":"info","time":"2025-04-18T18:13:31.852+0800","line":"E:/myProject/backend/pledge-backend-main/api/models/ws/ws.go:118","msg":"WsServer start","serviceName":"pledge"}
{"level":"info","time":"2025-04-18T18:13:31.852+0800","line":"E:/myProject/backend/pledge-backend-main/api/models/kucoin/kucoin.go:17","msg":"GetExchangePrice ","serviceName":"pledge"}
{"level":"error","time":"2025-04-18T18:13:31.853+0800","line":"E:/myProject/backend/pledge-backend-main/api/models/kucoin/kucoin.go:22","msg":"get plgr price from redis err redigo: nil returned","serviceName":"pledge"}
{"level":"error","time":"2025-04-18T18:13:53.550+0800","line":"E:/myProject/backend/pledge-backend-main/api/models/kucoin/kucoin.go:36","msg":"Post \"https://api.kucoin.com/api/v1/bullet-public\": dial tcp 104.244.43.248:443: connectex: A connection attempt failed because the connected party did not properly respond after a period of time, or established connection failed because connected host has failed to respond.","serviceName":"pledge"}
{"level":"info","time":"2025-04-18T18:14:10.231+0800","line":"E:/myProject/backend/pledge-backend-main/db/mysql.go:16","msg":"Init Mysql","serviceName":"pledge"}
{"level":"info","time":"2025-04-18T18:14:10.239+0800","line":"E:/myProject/backend/pledge-backend-main/db/redis.go:16","msg":"Init Redis","serviceName":"pledge"}
{"level":"info","time":"2025-04-18T18:14:10.337+0800","line":"E:/myProject/backend/pledge-backend-main/api/models/ws/ws.go:118","msg":"WsServer start","serviceName":"pledge"}
{"level":"info","time":"2025-04-18T18:14:10.337+0800","line":"E:/myProject/backend/pledge-backend-main/api/models/kucoin/kucoin.go:17","msg":"GetExchangePrice ","serviceName":"pledge"}
{"level":"error","time":"2025-04-18T18:14:10.339+0800","line":"E:/myProject/backend/pledge-backend-main/api/models/kucoin/kucoin.go:22","msg":"get plgr price from redis err redigo: nil returned","serviceName":"pledge"}
{"level":"error","time":"2025-04-18T18:14:31.643+0800","line":"E:/myProject/backend/pledge-backend-main/api/models/kucoin/kucoin.go:36","msg":"Post \"https://api.kucoin.com/api/v1/bullet-public\": dial tcp 104.244.43.248:443: connectex: A connection attempt failed because the connected party did not properly respond after a period of time, or established connection failed because connected host has failed to respond.","serviceName":"pledge"}
